Using pre-set license
Built from '2020.3/staging' branch; Version is '2020.3.6f1 (338bb68529b2) revision 3378102'; Using compiler version '192528614'; Build Type 'Release'
OS: 'Windows 10 Pro; OS build 19042.928; Version 2009; 64bit' Language: 'ko' Physical Memory: 16315 MB
BatchMode: 1, IsHumanControllingUs: 0, StartBugReporterOnCrash: 0, Is64bit: 1, IsPro: 0

 COMMAND LINE ARGUMENTS:
C:\Program Files\Unity\Hub\Editor\2020.3.6f1\Editor\Unity.exe
-adb2
-batchMode
-noUpm
-name
AssetImportWorker0
-projectPath
C:/Users/DMC CONET/Desktop/이나영/Unity_NewDeal/360VR_0511
-logFile
Logs/AssetImportWorker0.log
-srvPort
63675
Successfully changed project path to: C:/Users/DMC CONET/Desktop/이나영/Unity_NewDeal/360VR_0511
C:/Users/DMC CONET/Desktop/이나영/Unity_NewDeal/360VR_0511
Using Asset Import Pipeline V2.
Refreshing native plugins compatible for Editor in 20.24 ms, found 0 plugins.
Preloading 0 native plugins for Editor in 0.00 ms.
Initialize engine version: 2020.3.6f1 (338bb68529b2)
[Subsystems] Discovering subsystems at path C:/Program Files/Unity/Hub/Editor/2020.3.6f1/Editor/Data/Resources/UnitySubsystems
[Subsystems] Discovering subsystems at path C:/Users/DMC CONET/Desktop/이나영/Unity_NewDeal/360VR_0511/Assets
GfxDevice: creating device client; threaded=0
Direct3D:
    Version:  Direct3D 11.0 [level 11.1]
    Renderer: NVIDIA GeForce GTX 1660 SUPER (ID=0x21c4)
    Vendor:   
    VRAM:     5991 MB
    Driver:   27.21.14.5751
Initialize mono
Mono path[0] = 'C:/Program Files/Unity/Hub/Editor/2020.3.6f1/Editor/Data/Managed'
Mono path[1] = 'C:/Program Files/Unity/Hub/Editor/2020.3.6f1/Editor/Data/MonoBleedingEdge/lib/mono/unityjit'
Mono config path = 'C:/Program Files/Unity/Hub/Editor/2020.3.6f1/Editor/Data/MonoBleedingEdge/etc'
Using monoOptions --debugger-agent=transport=dt_socket,embedding=1,server=y,suspend=n,address=127.0.0.1:56628
Begin MonoManager ReloadAssembly
Registering precompiled unity dll's ...
Register platform support module: C:/Program Files/Unity/Hub/Editor/2020.3.6f1/Editor/Data/PlaybackEngines/WindowsStandaloneSupport/UnityEditor.WindowsStandalone.Extensions.dll
Registered in 0.001961 seconds.
Native extension for WindowsStandalone target not found
Refreshing native plugins compatible for Editor in 21.52 ms, found 0 plugins.
Preloading 0 native plugins for Editor in 0.00 ms.
Mono: successfully reloaded assembly
- Completed reload, in  1.564 seconds
Platform modules already initialized, skipping
Registering precompiled user dll's ...
Registered in 0.000739 seconds.
Begin MonoManager ReloadAssembly
Native extension for WindowsStandalone target not found
Refreshing native plugins compatible for Editor in 0.18 ms, found 0 plugins.
Preloading 0 native plugins for Editor in 0.00 ms.
Mono: successfully reloaded assembly
- Completed reload, in  0.725 seconds
Platform modules already initialized, skipping
========================================================================
Worker process is ready to serve import requests
Launched and connected shader compiler UnityShaderCompiler.exe after 0.04 seconds
Refreshing native plugins compatible for Editor in 0.18 ms, found 0 plugins.
Preloading 0 native plugins for Editor in 0.00 ms.
Unloading 1121 Unused Serialized files (Serialized files now loaded: 0)
System memory in use before: 57.2 MB.
System memory in use after: 57.3 MB.

Unloading 16 unused Assets to reduce memory usage. Loaded Objects now: 1557.
Total: 1.727900 ms (FindLiveObjects: 0.191000 ms CreateObjectMapping: 0.054200 ms MarkObjects: 1.408700 ms  DeleteObjects: 0.073000 ms)

========================================================================
Received Prepare
Registering precompiled user dll's ...
Registered in 0.000558 seconds.
Begin MonoManager ReloadAssembly
Native extension for WindowsStandalone target not found
Refreshing native plugins compatible for Editor in 0.19 ms, found 0 plugins.
Preloading 0 native plugins for Editor in 0.00 ms.
Mono: successfully reloaded assembly
- Completed reload, in  0.695 seconds
Platform modules already initialized, skipping
Refreshing native plugins compatible for Editor in 0.19 ms, found 0 plugins.
Preloading 0 native plugins for Editor in 0.00 ms.
Unloading 1110 Unused Serialized files (Serialized files now loaded: 0)
System memory in use before: 57.0 MB.
System memory in use after: 57.1 MB.

Unloading 5 unused Assets to reduce memory usage. Loaded Objects now: 1560.
Total: 1.333300 ms (FindLiveObjects: 0.127300 ms CreateObjectMapping: 0.031600 ms MarkObjects: 1.130500 ms  DeleteObjects: 0.043100 ms)

========================================================================
Received Prepare
Registering precompiled user dll's ...
Registered in 0.001058 seconds.
Begin MonoManager ReloadAssembly
Native extension for WindowsStandalone target not found
Refreshing native plugins compatible for Editor in 0.25 ms, found 0 plugins.
Preloading 0 native plugins for Editor in 0.00 ms.
[ScriptCompilation] NOT recompiling all scripts because this is an import worker process. Reason to compile was: Define symbols changed
Mono: successfully reloaded assembly
- Completed reload, in  0.736 seconds
Platform modules already initialized, skipping
Refreshing native plugins compatible for Editor in 0.25 ms, found 0 plugins.
Preloading 0 native plugins for Editor in 0.00 ms.
Unloading 1241 Unused Serialized files (Serialized files now loaded: 0)
System memory in use before: 68.1 MB.
System memory in use after: 63.7 MB.

Unloading 26 unused Assets to reduce memory usage. Loaded Objects now: 1678.
Total: 3.903600 ms (FindLiveObjects: 0.188900 ms CreateObjectMapping: 0.037400 ms MarkObjects: 1.388700 ms  DeleteObjects: 2.280500 ms)

========================================================================
Received Import Request.
  path: Assets/Standard Assets/Utility/SimpleActivatorMenu.cs
  artifactKey: Guid(69b69a5b0e0a85b4aa97a7edc40c37d1) Importer(815301076,1909f56bfc062723c751e8b465ee728b)
Start importing Assets/Standard Assets/Utility/SimpleActivatorMenu.cs using Guid(69b69a5b0e0a85b4aa97a7edc40c37d1) Importer(815301076,1909f56bfc062723c751e8b465ee728b)  -> (artifact id: '52e965e5b1a0db3f4b59c83d2ae91fbb') in 0.032989 seconds
  Import took 0.034888 seconds .

========================================================================
Received Import Request.
  Time since last request: 289.402992 seconds.
  path: Assets/346572__inspectorj__train-door-beep-b.wav
  artifactKey: Guid(d0f0635c56356a34385f16130f4f835b) Importer(815301076,1909f56bfc062723c751e8b465ee728b)
Start importing Assets/346572__inspectorj__train-door-beep-b.wav using Guid(d0f0635c56356a34385f16130f4f835b) Importer(815301076,1909f56bfc062723c751e8b465ee728b)  -> (artifact id: '2df8432f11b88ef68af9a0da9056e021') in 0.072584 seconds
  Import took 0.074518 seconds .

========================================================================
Received Import Request.
  Time since last request: 2.877112 seconds.
  path: Assets/beep.wav
  artifactKey: Guid(d0f0635c56356a34385f16130f4f835b) Importer(815301076,1909f56bfc062723c751e8b465ee728b)
Start importing Assets/beep.wav using Guid(d0f0635c56356a34385f16130f4f835b) Importer(815301076,1909f56bfc062723c751e8b465ee728b)  -> (artifact id: '154a3acea427583017f7db4e813fc75d') in 0.011588 seconds
  Import took 0.013552 seconds .

========================================================================
Received Prepare
Registering precompiled user dll's ...
Registered in 0.000690 seconds.
Begin MonoManager ReloadAssembly
Native extension for WindowsStandalone target not found
Refreshing native plugins compatible for Editor in 0.25 ms, found 0 plugins.
Preloading 0 native plugins for Editor in 0.00 ms.
Mono: successfully reloaded assembly
- Completed reload, in  0.667 seconds
Platform modules already initialized, skipping
Refreshing native plugins compatible for Editor in 0.26 ms, found 0 plugins.
Preloading 0 native plugins for Editor in 0.00 ms.
Unloading 1240 Unused Serialized files (Serialized files now loaded: 0)
System memory in use before: 71.2 MB.
System memory in use after: 66.8 MB.

Unloading 26 unused Assets to reduce memory usage. Loaded Objects now: 1690.
Total: 4.481400 ms (FindLiveObjects: 0.194700 ms CreateObjectMapping: 0.059300 ms MarkObjects: 1.829600 ms  DeleteObjects: 2.396400 ms)

========================================================================
Received Prepare
Registering precompiled user dll's ...
Registered in 0.000581 seconds.
Begin MonoManager ReloadAssembly
Native extension for WindowsStandalone target not found
Refreshing native plugins compatible for Editor in 0.25 ms, found 0 plugins.
Preloading 0 native plugins for Editor in 0.00 ms.
Mono: successfully reloaded assembly
- Completed reload, in  0.672 seconds
Platform modules already initialized, skipping
Refreshing native plugins compatible for Editor in 0.25 ms, found 0 plugins.
Preloading 0 native plugins for Editor in 0.00 ms.
Unloading 1240 Unused Serialized files (Serialized files now loaded: 0)
System memory in use before: 71.1 MB.
System memory in use after: 66.8 MB.

Unloading 26 unused Assets to reduce memory usage. Loaded Objects now: 1693.
Total: 3.846500 ms (FindLiveObjects: 0.143800 ms CreateObjectMapping: 0.038300 ms MarkObjects: 1.340200 ms  DeleteObjects: 2.323300 ms)

========================================================================
Received Prepare
Registering precompiled user dll's ...
Registered in 0.000729 seconds.
Begin MonoManager ReloadAssembly
Native extension for WindowsStandalone target not found
Refreshing native plugins compatible for Editor in 0.25 ms, found 0 plugins.
Preloading 0 native plugins for Editor in 0.00 ms.
Mono: successfully reloaded assembly
- Completed reload, in  0.656 seconds
Platform modules already initialized, skipping
Refreshing native plugins compatible for Editor in 0.25 ms, found 0 plugins.
Preloading 0 native plugins for Editor in 0.00 ms.
Unloading 1240 Unused Serialized files (Serialized files now loaded: 0)
System memory in use before: 71.2 MB.
System memory in use after: 66.8 MB.

Unloading 26 unused Assets to reduce memory usage. Loaded Objects now: 1696.
Total: 4.013800 ms (FindLiveObjects: 0.173200 ms CreateObjectMapping: 0.033600 ms MarkObjects: 1.328300 ms  DeleteObjects: 2.478000 ms)

========================================================================
Received Prepare
Registering precompiled user dll's ...
Registered in 0.000590 seconds.
Begin MonoManager ReloadAssembly
Native extension for WindowsStandalone target not found
Refreshing native plugins compatible for Editor in 0.26 ms, found 0 plugins.
Preloading 0 native plugins for Editor in 0.00 ms.
Mono: successfully reloaded assembly
- Completed reload, in  0.675 seconds
Platform modules already initialized, skipping
Refreshing native plugins compatible for Editor in 0.25 ms, found 0 plugins.
Preloading 0 native plugins for Editor in 0.00 ms.
Unloading 1240 Unused Serialized files (Serialized files now loaded: 0)
System memory in use before: 71.2 MB.
System memory in use after: 66.8 MB.

Unloading 26 unused Assets to reduce memory usage. Loaded Objects now: 1699.
Total: 4.366500 ms (FindLiveObjects: 0.263100 ms CreateObjectMapping: 0.086100 ms MarkObjects: 1.497900 ms  DeleteObjects: 2.518400 ms)

========================================================================
Received Prepare
Registering precompiled user dll's ...
Registered in 0.000578 seconds.
Begin MonoManager ReloadAssembly
Native extension for WindowsStandalone target not found
Refreshing native plugins compatible for Editor in 0.25 ms, found 0 plugins.
Preloading 0 native plugins for Editor in 0.00 ms.
Mono: successfully reloaded assembly
- Completed reload, in  0.666 seconds
Platform modules already initialized, skipping
Refreshing native plugins compatible for Editor in 0.25 ms, found 0 plugins.
Preloading 0 native plugins for Editor in 0.00 ms.
Unloading 1240 Unused Serialized files (Serialized files now loaded: 0)
System memory in use before: 71.1 MB.
System memory in use after: 66.8 MB.

Unloading 26 unused Assets to reduce memory usage. Loaded Objects now: 1702.
Total: 4.343500 ms (FindLiveObjects: 0.171700 ms CreateObjectMapping: 0.048600 ms MarkObjects: 1.502000 ms  DeleteObjects: 2.619900 ms)

========================================================================
Received Prepare
Registering precompiled user dll's ...
Registered in 0.001856 seconds.
Begin MonoManager ReloadAssembly
Native extension for WindowsStandalone target not found
Refreshing native plugins compatible for Editor in 0.33 ms, found 3 plugins.
Preloading 0 native plugins for Editor in 0.00 ms.
Mono: successfully reloaded assembly
- Completed reload, in  0.688 seconds
Platform modules already initialized, skipping
Refreshing native plugins compatible for Editor in 0.37 ms, found 3 plugins.
Preloading 0 native plugins for Editor in 0.00 ms.
Unloading 1383 Unused Serialized files (Serialized files now loaded: 0)
System memory in use before: 76.5 MB.
System memory in use after: 71.9 MB.

Unloading 39 unused Assets to reduce memory usage. Loaded Objects now: 1835.
Total: 4.097100 ms (FindLiveObjects: 0.250600 ms CreateObjectMapping: 0.044500 ms MarkObjects: 1.331200 ms  DeleteObjects: 2.469800 ms)

========================================================================
Received Prepare
Registering precompiled user dll's ...
Registered in 0.001332 seconds.
Begin MonoManager ReloadAssembly
Native extension for WindowsStandalone target not found
Refreshing native plugins compatible for Editor in 0.35 ms, found 3 plugins.
Preloading 0 native plugins for Editor in 0.00 ms.
Mono: successfully reloaded assembly
- Completed reload, in  0.673 seconds
Platform modules already initialized, skipping
Refreshing native plugins compatible for Editor in 0.51 ms, found 3 plugins.
Preloading 0 native plugins for Editor in 0.00 ms.
Unloading 1383 Unused Serialized files (Serialized files now loaded: 0)
System memory in use before: 76.6 MB.
System memory in use after: 72.0 MB.

Unloading 39 unused Assets to reduce memory usage. Loaded Objects now: 1838.
Total: 4.912500 ms (FindLiveObjects: 0.231000 ms CreateObjectMapping: 0.078400 ms MarkObjects: 1.552300 ms  DeleteObjects: 3.049700 ms)

========================================================================
Received Prepare
Registering precompiled user dll's ...
Registered in 0.001389 seconds.
Begin MonoManager ReloadAssembly
Native extension for WindowsStandalone target not found
Refreshing native plugins compatible for Editor in 0.35 ms, found 3 plugins.
Preloading 0 native plugins for Editor in 0.00 ms.
Mono: successfully reloaded assembly
- Completed reload, in  0.757 seconds
Platform modules already initialized, skipping
Refreshing native plugins compatible for Editor in 0.37 ms, found 3 plugins.
Preloading 0 native plugins for Editor in 0.00 ms.
Unloading 1383 Unused Serialized files (Serialized files now loaded: 0)
System memory in use before: 76.5 MB.
System memory in use after: 71.9 MB.

Unloading 39 unused Assets to reduce memory usage. Loaded Objects now: 1841.
Total: 4.198500 ms (FindLiveObjects: 0.163100 ms CreateObjectMapping: 0.039900 ms MarkObjects: 1.256000 ms  DeleteObjects: 2.737600 ms)

========================================================================
Received Prepare
Registering precompiled user dll's ...
Registered in 0.001260 seconds.
Begin MonoManager ReloadAssembly
Native extension for WindowsStandalone target not found
Refreshing native plugins compatible for Editor in 0.33 ms, found 3 plugins.
Preloading 0 native plugins for Editor in 0.00 ms.
Mono: successfully reloaded assembly
- Completed reload, in  0.677 seconds
Platform modules already initialized, skipping
Refreshing native plugins compatible for Editor in 0.41 ms, found 3 plugins.
Preloading 0 native plugins for Editor in 0.00 ms.
Unloading 1383 Unused Serialized files (Serialized files now loaded: 0)
System memory in use before: 76.5 MB.
System memory in use after: 71.9 MB.

Unloading 39 unused Assets to reduce memory usage. Loaded Objects now: 1844.
Total: 6.760600 ms (FindLiveObjects: 0.332400 ms CreateObjectMapping: 0.111100 ms MarkObjects: 2.418600 ms  DeleteObjects: 3.896400 ms)

========================================================================
Received Import Request.
  Time since last request: 1289.847423 seconds.
  path: Assets/bensound-cute.mp3
  artifactKey: Guid(88c92eabd2c4ad647b0b69fb09637ccf) Importer(815301076,1909f56bfc062723c751e8b465ee728b)
Start importing Assets/bensound-cute.mp3 using Guid(88c92eabd2c4ad647b0b69fb09637ccf) Importer(815301076,1909f56bfc062723c751e8b465ee728b)  -> (artifact id: '2884c9002ae5584cb94fc493826d6d42') in 0.046246 seconds
  Import took 0.048589 seconds .

========================================================================
Received Prepare
Registering precompiled user dll's ...
Registered in 0.001417 seconds.
Begin MonoManager ReloadAssembly
Native extension for WindowsStandalone target not found
Refreshing native plugins compatible for Editor in 0.32 ms, found 3 plugins.
Preloading 0 native plugins for Editor in 0.00 ms.
Mono: successfully reloaded assembly
- Completed reload, in  0.673 seconds
Platform modules already initialized, skipping
Refreshing native plugins compatible for Editor in 0.34 ms, found 3 plugins.
Preloading 0 native plugins for Editor in 0.00 ms.
Unloading 1383 Unused Serialized files (Serialized files now loaded: 0)
System memory in use before: 76.5 MB.
System memory in use after: 72.0 MB.

Unloading 39 unused Assets to reduce memory usage. Loaded Objects now: 1848.
Total: 4.624700 ms (FindLiveObjects: 0.226400 ms CreateObjectMapping: 0.063300 ms MarkObjects: 1.382900 ms  DeleteObjects: 2.950700 ms)

========================================================================
Received Prepare
Registering precompiled user dll's ...
Registered in 0.001574 seconds.
Begin MonoManager ReloadAssembly
Native extension for WindowsStandalone target not found
Refreshing native plugins compatible for Editor in 0.33 ms, found 3 plugins.
Preloading 0 native plugins for Editor in 0.00 ms.
Mono: successfully reloaded assembly
- Completed reload, in  0.688 seconds
Platform modules already initialized, skipping
Refreshing native plugins compatible for Editor in 0.33 ms, found 3 plugins.
Preloading 0 native plugins for Editor in 0.00 ms.
Unloading 1383 Unused Serialized files (Serialized files now loaded: 0)
System memory in use before: 76.5 MB.
System memory in use after: 72.0 MB.

Unloading 39 unused Assets to reduce memory usage. Loaded Objects now: 1851.
Total: 4.057800 ms (FindLiveObjects: 0.155600 ms CreateObjectMapping: 0.038900 ms MarkObjects: 1.268200 ms  DeleteObjects: 2.594300 ms)

AssetImportWorkerClient::OnTransportError - code=2 error=End of file
